<?xml version="1.0" encoding="UTF-8"?>
<!DOCTYPE module PUBLIC "-//Google Inc.//DTD Google Web Toolkit 2.7.0//EN"
    "http://gwtproject.org/doctype/2.7.0/gwt-module.dtd">
<module>
  <source path="org/junit" excludes="experimental, internal/runners/JUnit38ClassRunner.java" />
  <source path="org/hamcrest" />
  <source path="junit" includes="runner/Version.java"/>
</module>