<?xml version="1.0" encoding="UTF-8"?>
<!DOCTYPE module PUBLIC "-//Google Inc.//DTD Google Web Toolkit 2.8.2//EN"
    "http://gwtproject.org/doctype/2.8.0/gwt-module.dtd">
<module>
  <source path="junit" includes="Test.java,
                                 Before.java,
                                 BeforeClass.java,
                                 After.java,
                                 AfterClass.java,
                                 TestsFailed.java" />
</module>
