<?xml version="1.0" encoding="UTF-8"?>
<!DOCTYPE module PUBLIC "-//Google Inc.//DTD Google Web Toolkit 2.7.0//EN"
    "http://gwtproject.org/doctype/2.7.0/gwt-module.dtd">
<module rename-to="JUnitGuiTest">

  <source path="junit"/>
  <source path="test/junit"/>
  <inherits name="xapi.X_JUnit"/>

  <entry-point class="xapi.gwt.junit.gui.JUnitGuiTest" />
</module>